a21:55:38.850 [main] ERROR package1.Demo - Esto es un log de ERROR
21:55:38.855 [main] FATAL package1.Demo - Esto es un log de FATAL
22:03:24.080 [main] DEBUG package1.Demo - Esto es un log de DEBUG
22:03:24.083 [main] INFO  package1.Demo - Esto es un log de INFO
22:03:24.084 [main] ERROR package1.Demo - Esto es un log de ERROR
22:03:24.084 [main] FATAL package1.Demo - Esto es un log de FATAL
22:05:33.610 [main] DEBUG package2.Demo1 - Esto es un log de DEBUG
22:05:33.613 [main] INFO  package2.Demo1 - Esto es un log de INFO
22:06:37.141 [main] DEBUG package2.Demo1 - Esto es un log de DEBUG
22:06:37.155 [main] INFO  package2.Demo1 - Esto es un log de INFO
22:06:37.155 [main] ERROR package2.Demo1 - Esto es un log de ERROR
22:06:37.160 [main] FATAL package2.Demo1 - Esto es un log de FATAL
22:07:42.747 [main] DEBUG package2.Demo1 - Esto es un log de DEBUG
22:07:42.767 [main] INFO  package2.Demo1 - Esto es un log de INFO
22:07:42.767 [main] ERROR package2.Demo1 - Esto es un log de ERROR
22:07:42.767 [main] FATAL package2.Demo1 - Esto es un log de FATAL
22:08:05.400 [main] DEBUG package2.Demo1 - Esto es un log de DEBUG
22:08:05.412 [main] INFO  package2.Demo1 - Esto es un log de INFO
22:08:05.412 [main] ERROR package2.Demo1 - Esto es un log de ERROR
22:08:05.413 [main] FATAL package2.Demo1 - Esto es un log de FATAL
